c:\users\jogukhyoun\documents\visual studio 2017\projects\1945_design(파싱)\release\1945.ipdb
c:\users\jogukhyoun\documents\visual studio 2017\projects\1945_design(파싱)\release\1945.iobj
c:\users\jogukhyoun\documents\visual studio 2017\projects\1945_design(파싱)\1945\release\1945.pch
c:\users\jogukhyoun\documents\visual studio 2017\projects\1945_design(파싱)\1945\release\vc141.pdb
c:\users\jogukhyoun\documents\visual studio 2017\projects\1945_design(파싱)\1945\release\stdafx.obj
c:\users\jogukhyoun\documents\visual studio 2017\projects\1945_design(파싱)\1945\release\tinyxml2.obj
c:\users\jogukhyoun\documents\visual studio 2017\projects\1945_design(파싱)\1945\release\set.obj
c:\users\jogukhyoun\documents\visual studio 2017\projects\1945_design(파싱)\1945\release\play.obj
c:\users\jogukhyoun\documents\visual studio 2017\projects\1945_design(파싱)\1945\release\pattern.obj
c:\users\jogukhyoun\documents\visual studio 2017\projects\1945_design(파싱)\1945\release\cursor.obj
c:\users\jogukhyoun\documents\visual studio 2017\projects\1945_design(파싱)\1945\release\cenemy_manager.obj
c:\users\jogukhyoun\documents\visual studio 2017\projects\1945_design(파싱)\1945\release\bullet_manager.obj
c:\users\jogukhyoun\documents\visual studio 2017\projects\1945_design(파싱)\1945\release\1945.obj
c:\users\jogukhyoun\documents\visual studio 2017\projects\1945_design(파싱)\release\1945.exe
c:\users\jogukhyoun\documents\visual studio 2017\projects\1945_design(파싱)\release\1945.pdb
c:\users\jogukhyoun\documents\visual studio 2017\projects\1945_design(파싱)\1945\release\1945.res
c:\users\jogukhyoun\documents\visual studio 2017\projects\1945_design(파싱)\1945\release\1945.tlog\1945.write.1u.tlog
c:\users\jogukhyoun\documents\visual studio 2017\projects\1945_design(파싱)\1945\release\1945.tlog\cl.command.1.tlog
c:\users\jogukhyoun\documents\visual studio 2017\projects\1945_design(파싱)\1945\release\1945.tlog\cl.read.1.tlog
c:\users\jogukhyoun\documents\visual studio 2017\projects\1945_design(파싱)\1945\release\1945.tlog\cl.write.1.tlog
c:\users\jogukhyoun\documents\visual studio 2017\projects\1945_design(파싱)\1945\release\1945.tlog\link.command.1.tlog
c:\users\jogukhyoun\documents\visual studio 2017\projects\1945_design(파싱)\1945\release\1945.tlog\link.read.1.tlog
c:\users\jogukhyoun\documents\visual studio 2017\projects\1945_design(파싱)\1945\release\1945.tlog\link.write.1.tlog
c:\users\jogukhyoun\documents\visual studio 2017\projects\1945_design(파싱)\1945\release\1945.tlog\rc.command.1.tlog
c:\users\jogukhyoun\documents\visual studio 2017\projects\1945_design(파싱)\1945\release\1945.tlog\rc.read.1.tlog
c:\users\jogukhyoun\documents\visual studio 2017\projects\1945_design(파싱)\1945\release\1945.tlog\rc.write.1.tlog
