c:\users\jogukhyoun\documents\visual studio 2017\projects\1945_design(파싱)\1945\debug\1945.pch
c:\users\jogukhyoun\documents\visual studio 2017\projects\1945_design(파싱)\1945\debug\vc141.pdb
c:\users\jogukhyoun\documents\visual studio 2017\projects\1945_design(파싱)\1945\debug\vc141.idb
c:\users\jogukhyoun\documents\visual studio 2017\projects\1945_design(파싱)\1945\debug\stdafx.obj
c:\users\jogukhyoun\documents\visual studio 2017\projects\1945_design(파싱)\1945\debug\1945.obj
c:\users\jogukhyoun\documents\visual studio 2017\projects\1945_design(파싱)\1945\debug\bullet_manager.obj
c:\users\jogukhyoun\documents\visual studio 2017\projects\1945_design(파싱)\1945\debug\cenemy_manager.obj
c:\users\jogukhyoun\documents\visual studio 2017\projects\1945_design(파싱)\1945\debug\cursor.obj
c:\users\jogukhyoun\documents\visual studio 2017\projects\1945_design(파싱)\1945\debug\pattern.obj
c:\users\jogukhyoun\documents\visual studio 2017\projects\1945_design(파싱)\1945\debug\play.obj
c:\users\jogukhyoun\documents\visual studio 2017\projects\1945_design(파싱)\1945\debug\set.obj
c:\users\jogukhyoun\documents\visual studio 2017\projects\1945_design(파싱)\1945\debug\tinyxml2.obj
c:\users\jogukhyoun\documents\visual studio 2017\projects\1945_design(파싱)\debug\1945.ilk
c:\users\jogukhyoun\documents\visual studio 2017\projects\1945_design(파싱)\debug\1945.exe
c:\users\jogukhyoun\documents\visual studio 2017\projects\1945_design(파싱)\debug\1945.pdb
c:\users\jogukhyoun\documents\visual studio 2017\projects\1945_design(파싱)\1945\debug\1945.res
c:\users\jogukhyoun\documents\visual studio 2017\projects\1945_design(파싱)\1945\debug\1945.tlog\cl.command.1.tlog
c:\users\jogukhyoun\documents\visual studio 2017\projects\1945_design(파싱)\1945\debug\1945.tlog\cl.read.1.tlog
c:\users\jogukhyoun\documents\visual studio 2017\projects\1945_design(파싱)\1945\debug\1945.tlog\cl.write.1.tlog
c:\users\jogukhyoun\documents\visual studio 2017\projects\1945_design(파싱)\1945\debug\1945.tlog\link.command.1.tlog
c:\users\jogukhyoun\documents\visual studio 2017\projects\1945_design(파싱)\1945\debug\1945.tlog\link.read.1.tlog
c:\users\jogukhyoun\documents\visual studio 2017\projects\1945_design(파싱)\1945\debug\1945.tlog\link.write.1.tlog
c:\users\jogukhyoun\documents\visual studio 2017\projects\1945_design(파싱)\1945\debug\1945.tlog\rc.command.1.tlog
c:\users\jogukhyoun\documents\visual studio 2017\projects\1945_design(파싱)\1945\debug\1945.tlog\rc.read.1.tlog
c:\users\jogukhyoun\documents\visual studio 2017\projects\1945_design(파싱)\1945\debug\1945.tlog\rc.write.1.tlog
