  stdafx.cpp
  tinyxml2.cpp
  Set.cpp
  Play.cpp
c:\users\jogukhyoun\documents\visual studio 2017\projects\1945_design(파싱)\1945\play.cpp(50): warning C4244: '인수': 'float'에서 'int'(으)로 변환하면서 데이터가 손실될 수 있습니다.
  Pattern.cpp
c:\users\jogukhyoun\documents\visual studio 2017\projects\1945_design(파싱)\1945\pattern.cpp(106): warning C4244: '초기화 중': 'double'에서 'float'(으)로 변환하면서 데이터가 손실될 수 있습니다.
c:\users\jogukhyoun\documents\visual studio 2017\projects\1945_design(파싱)\1945\pattern.cpp(213): warning C4305: '인수': 'double'에서 'float'(으)로 잘립니다.
c:\users\jogukhyoun\documents\visual studio 2017\projects\1945_design(파싱)\1945\pattern.cpp(214): warning C4305: '인수': 'double'에서 'float'(으)로 잘립니다.
c:\users\jogukhyoun\documents\visual studio 2017\projects\1945_design(파싱)\1945\pattern.cpp(232): warning C4244: '초기화 중': 'int'에서 'float'(으)로 변환하면서 데이터가 손실될 수 있습니다.
c:\users\jogukhyoun\documents\visual studio 2017\projects\1945_design(파싱)\1945\pattern.cpp(233): warning C4244: '초기화 중': 'int'에서 'float'(으)로 변환하면서 데이터가 손실될 수 있습니다.
c:\users\jogukhyoun\documents\visual studio 2017\projects\1945_design(파싱)\1945\pattern.cpp(241): warning C4244: '초기화 중': 'int'에서 'float'(으)로 변환하면서 데이터가 손실될 수 있습니다.
c:\users\jogukhyoun\documents\visual studio 2017\projects\1945_design(파싱)\1945\pattern.cpp(242): warning C4244: '초기화 중': 'int'에서 'float'(으)로 변환하면서 데이터가 손실될 수 있습니다.
c:\users\jogukhyoun\documents\visual studio 2017\projects\1945_design(파싱)\1945\pattern.cpp(262): warning C4244: '인수': 'double'에서 'float'(으)로 변환하면서 데이터가 손실될 수 있습니다.
c:\users\jogukhyoun\documents\visual studio 2017\projects\1945_design(파싱)\1945\pattern.cpp(277): warning C4305: '인수': 'double'에서 'float'(으)로 잘립니다.
c:\users\jogukhyoun\documents\visual studio 2017\projects\1945_design(파싱)\1945\pattern.cpp(278): warning C4305: '인수': 'double'에서 'float'(으)로 잘립니다.
c:\users\jogukhyoun\documents\visual studio 2017\projects\1945_design(파싱)\1945\pattern.cpp(281): warning C4305: '인수': 'double'에서 'float'(으)로 잘립니다.
c:\users\jogukhyoun\documents\visual studio 2017\projects\1945_design(파싱)\1945\pattern.cpp(282): warning C4305: '인수': 'double'에서 'float'(으)로 잘립니다.
c:\users\jogukhyoun\documents\visual studio 2017\projects\1945_design(파싱)\1945\pattern.cpp(301): warning C4244: '인수': 'double'에서 'float'(으)로 변환하면서 데이터가 손실될 수 있습니다.
  Cursor.cpp
  CEnemy_Manager.cpp
c:\users\jogukhyoun\documents\visual studio 2017\projects\1945_design(파싱)\1945\cenemy_manager.cpp(107): warning C4244: '인수': 'float'에서 'int'(으)로 변환하면서 데이터가 손실될 수 있습니다.
c:\users\jogukhyoun\documents\visual studio 2017\projects\1945_design(파싱)\1945\cenemy_manager.cpp(124): warning C4244: '=': 'int'에서 'float'(으)로 변환하면서 데이터가 손실될 수 있습니다.
c:\users\jogukhyoun\documents\visual studio 2017\projects\1945_design(파싱)\1945\cenemy_manager.cpp(125): warning C4244: '=': 'int'에서 'float'(으)로 변환하면서 데이터가 손실될 수 있습니다.
c:\users\jogukhyoun\documents\visual studio 2017\projects\1945_design(파싱)\1945\cenemy_manager.cpp(197): warning C4244: '=': 'float'에서 'LONG'(으)로 변환하면서 데이터가 손실될 수 있습니다.
c:\users\jogukhyoun\documents\visual studio 2017\projects\1945_design(파싱)\1945\cenemy_manager.cpp(198): warning C4244: '=': 'float'에서 'LONG'(으)로 변환하면서 데이터가 손실될 수 있습니다.
c:\users\jogukhyoun\documents\visual studio 2017\projects\1945_design(파싱)\1945\cenemy_manager.cpp(199): warning C4244: '=': 'float'에서 'LONG'(으)로 변환하면서 데이터가 손실될 수 있습니다.
c:\users\jogukhyoun\documents\visual studio 2017\projects\1945_design(파싱)\1945\cenemy_manager.cpp(200): warning C4244: '=': 'float'에서 'LONG'(으)로 변환하면서 데이터가 손실될 수 있습니다.
c:\users\jogukhyoun\documents\visual studio 2017\projects\1945_design(파싱)\1945\cenemy_manager.cpp(204): warning C4805: '==': 연산에 'BOOL' 형식과 'bool' 형식을 함께 사용하는 것은 안전하지 않습니다.
  Bullet_Manager.cpp
c:\users\jogukhyoun\documents\visual studio 2017\projects\1945_design(파싱)\1945\bullet_manager.cpp(60): warning C4244: '인수': 'float'에서 'int'(으)로 변환하면서 데이터가 손실될 수 있습니다.
  1945.cpp
  코드를 생성하고 있습니다...
  1945.vcxproj -> C:\Users\JoGukHyoun\Documents\Visual Studio 2017\Projects\1945_design(파싱)\Debug\1945.exe
  1945.vcxproj -> C:\Users\JoGukHyoun\Documents\Visual Studio 2017\Projects\1945_design(파싱)\Debug\1945.pdb (Partial PDB)
